Detecting C [-std=c11] compiler features failed to compile with the following output:
Change Dir: /mnt/c/Users/micha/Documents/Ship/2022 S/CMPE 320/ostep-projects/ostep-projects/build/CMakeFiles/CMakeTmp

Run Build Command:"/usr/bin/make" "cmTC_77e8d/fast"
/usr/bin/make -f CMakeFiles/cmTC_77e8d.dir/build.make CMakeFiles/cmTC_77e8d.dir/build
make[1]: Entering directory '/mnt/c/Users/micha/Documents/Ship/2022 S/CMPE 320/ostep-projects/ostep-projects/build/CMakeFiles/CMakeTmp'
Building C object CMakeFiles/cmTC_77e8d.dir/feature_tests.c.o
/usr/bin/c89-gcc   -std=c11 -o CMakeFiles/cmTC_77e8d.dir/feature_tests.c.o   -c "/mnt/c/Users/micha/Documents/Ship/2022 S/CMPE 320/ostep-projects/ostep-projects/build/CMakeFiles/feature_tests.c"
c89-gcc called with non ANSI/ISO C option -std=c11
CMakeFiles/cmTC_77e8d.dir/build.make:65: recipe for target 'CMakeFiles/cmTC_77e8d.dir/feature_tests.c.o' failed
make[1]: *** [CMakeFiles/cmTC_77e8d.dir/feature_tests.c.o] Error 1
make[1]: Leaving directory '/mnt/c/Users/micha/Documents/Ship/2022 S/CMPE 320/ostep-projects/ostep-projects/build/CMakeFiles/CMakeTmp'
Makefile:126: recipe for target 'cmTC_77e8d/fast' failed
make: *** [cmTC_77e8d/fast] Error 2



